2025-07-04 01:38:23,214 - ERROR - Analytics failed: name 'AdvancedSupplyChainReasoner' is not defined
2025-07-04 01:38:40,644 - INFO - Starting supply chain analytics...
2025-07-04 01:38:40,644 - INFO - Starting comprehensive supply chain analytics...
2025-07-04 01:38:40,644 - INFO - Starting comprehensive supply chain analysis with optimizations...
2025-07-04 01:38:40,644 - INFO - Loading data with vectorized operations...
2025-07-04 01:38:40,644 - INFO - Loading CSV files into DataFrames...
2025-07-04 01:38:40,662 - INFO - DataFrames loaded successfully
2025-07-04 01:38:40,662 - INFO - Creating entities from DataFrames...
2025-07-04 01:38:40,753 - INFO - Created 30 suppliers, 20 manufacturers, 40 warehouses, 50 retailers, 250 products, 1500 orders, 1200 shipments
2025-07-04 01:38:40,753 - INFO - Building relationship mappings...
2025-07-04 01:38:40,754 - INFO - Relationship mappings built successfully
2025-07-04 01:38:40,754 - INFO - Computing inverse properties...
2025-07-04 01:38:40,765 - INFO - Inverse properties computed: {'supplier_manufacturer_links': 0, 'product_manufacturer_links': 0, 'product_warehouse_links': 0, 'order_product_links': 0, 'order_shipment_links': 1200, 'warehouse_retailer_links': 838, 'manufacturer_retailer_links': 364}
2025-07-04 01:38:40,765 - INFO - Calculating derived properties...
2025-07-04 01:38:40,768 - INFO - Derived properties calculated successfully
2025-07-04 01:38:40,768 - INFO - Validating cardinality constraints...
2025-07-04 01:38:40,768 - INFO - All cardinality constraints satisfied
2025-07-04 01:38:40,768 - INFO - Data loading and processing completed successfully
2025-07-04 01:38:40,768 - INFO - Applying reasoning rules with optimizations...
2025-07-04 01:38:40,769 - INFO - All reasoning rules applied successfully
2025-07-04 01:38:40,769 - INFO - Generating comprehensive statistics...
2025-07-04 01:38:40,773 - INFO - Comprehensive supply chain analysis completed successfully
2025-07-04 01:38:40,773 - INFO - Generating business insights...
2025-07-04 01:38:40,778 - ERROR - Error during comprehensive analysis: 'SupplyChainAnalyticsEngine' object has no attribute '_analyze_quality_metrics'
2025-07-04 01:38:40,778 - ERROR - Analytics failed: 'SupplyChainAnalyticsEngine' object has no attribute '_analyze_quality_metrics'
2025-07-04 01:43:19,759 - INFO - Starting supply chain analytics...
2025-07-04 01:43:19,759 - INFO - Starting comprehensive supply chain analytics...
2025-07-04 01:43:19,759 - INFO - Starting comprehensive supply chain analysis with optimizations...
2025-07-04 01:43:19,759 - INFO - Loading data with vectorized operations...
2025-07-04 01:43:19,759 - INFO - Loading CSV files into DataFrames...
2025-07-04 01:43:19,776 - INFO - DataFrames loaded successfully
2025-07-04 01:43:19,777 - INFO - Creating entities from DataFrames...
2025-07-04 01:43:19,859 - INFO - Created 30 suppliers, 20 manufacturers, 40 warehouses, 50 retailers, 250 products, 1500 orders, 1200 shipments
2025-07-04 01:43:19,860 - INFO - Building relationship mappings...
2025-07-04 01:43:19,860 - INFO - Relationship mappings built successfully
2025-07-04 01:43:19,860 - INFO - Computing inverse properties...
2025-07-04 01:43:19,871 - INFO - Inverse properties computed: {'supplier_manufacturer_links': 0, 'product_manufacturer_links': 0, 'product_warehouse_links': 0, 'order_product_links': 0, 'order_shipment_links': 1200, 'warehouse_retailer_links': 838, 'manufacturer_retailer_links': 364}
2025-07-04 01:43:19,872 - INFO - Calculating derived properties...
2025-07-04 01:43:19,874 - INFO - Derived properties calculated successfully
2025-07-04 01:43:19,876 - INFO - Validating cardinality constraints...
2025-07-04 01:43:19,876 - INFO - All cardinality constraints satisfied
2025-07-04 01:43:19,876 - INFO - Data loading and processing completed successfully
2025-07-04 01:43:19,876 - INFO - Applying reasoning rules with optimizations...
2025-07-04 01:43:19,877 - INFO - All reasoning rules applied successfully
2025-07-04 01:43:19,877 - INFO - Generating comprehensive statistics...
2025-07-04 01:43:19,881 - INFO - Comprehensive supply chain analysis completed successfully
2025-07-04 01:43:19,881 - INFO - Generating business insights...
2025-07-04 01:43:19,882 - INFO - Calculating performance metrics...
2025-07-04 01:43:19,882 - INFO - Generating strategic recommendations...
2025-07-04 01:43:19,882 - INFO - Creating executive summary...
2025-07-04 01:43:19,883 - INFO - Comprehensive analytics completed successfully
2025-07-04 01:43:19,954 - INFO - JSON report exported to output\supply_chain_analysis_20250704_014319.json
2025-07-04 01:43:19,955 - INFO - Markdown report generated at output\supply_chain_report.md
2025-07-04 01:52:02,787 - INFO - Starting RDF ontology processing...
2025-07-04 01:52:02,787 - INFO - Running complete RDF processing pipeline...
2025-07-04 01:52:02,787 - INFO - Creating complete RDF graph from supply chain analysis...
2025-07-04 01:52:02,787 - INFO - Starting comprehensive supply chain analysis with optimizations...
2025-07-04 01:52:02,787 - INFO - Loading data with vectorized operations...
2025-07-04 01:52:02,787 - INFO - Loading CSV files into DataFrames...
2025-07-04 01:52:02,806 - INFO - DataFrames loaded successfully
2025-07-04 01:52:02,806 - INFO - Creating entities from DataFrames...
2025-07-04 01:52:02,892 - INFO - Created 30 suppliers, 20 manufacturers, 40 warehouses, 50 retailers, 250 products, 1500 orders, 1200 shipments
2025-07-04 01:52:02,892 - INFO - Building relationship mappings...
2025-07-04 01:52:02,893 - INFO - Relationship mappings built successfully
2025-07-04 01:52:02,893 - INFO - Computing inverse properties...
2025-07-04 01:52:02,903 - INFO - Inverse properties computed: {'supplier_manufacturer_links': 0, 'product_manufacturer_links': 0, 'product_warehouse_links': 0, 'order_product_links': 0, 'order_shipment_links': 1200, 'warehouse_retailer_links': 838, 'manufacturer_retailer_links': 364}
2025-07-04 01:52:02,903 - INFO - Calculating derived properties...
2025-07-04 01:52:02,906 - INFO - Derived properties calculated successfully
2025-07-04 01:52:02,906 - INFO - Validating cardinality constraints...
2025-07-04 01:52:02,906 - INFO - All cardinality constraints satisfied
2025-07-04 01:52:02,906 - INFO - Data loading and processing completed successfully
2025-07-04 01:52:02,906 - INFO - Applying reasoning rules with optimizations...
2025-07-04 01:52:02,908 - INFO - All reasoning rules applied successfully
2025-07-04 01:52:02,908 - INFO - Generating comprehensive statistics...
2025-07-04 01:52:02,911 - INFO - Comprehensive supply chain analysis completed successfully
2025-07-04 01:52:02,912 - INFO - Adding ontology metadata...
2025-07-04 01:52:02,912 - INFO - Converting suppliers to RDF...
2025-07-04 01:52:02,915 - INFO - Converting manufacturers to RDF...
2025-07-04 01:52:02,916 - INFO - Converting warehouses to RDF...
2025-07-04 01:52:02,919 - INFO - Converting retailers to RDF...
2025-07-04 01:52:02,922 - INFO - Converting products to RDF...
2025-07-04 01:52:02,951 - INFO - Converting orders to RDF...
2025-07-04 01:52:03,111 - INFO - Converting shipments to RDF...
2025-07-04 01:52:03,230 - INFO - Adding object properties...
2025-07-04 01:52:03,252 - INFO - Adding inverse properties...
2025-07-04 01:52:03,267 - INFO - Adding classification results...
2025-07-04 01:52:03,267 - INFO - Adding derived properties...
2025-07-04 01:52:03,268 - INFO - Validating RDF graph...
2025-07-04 01:52:03,419 - INFO - RDF validation completed - Triples: 31079, Subjects: 3112, URI consistency: True
2025-07-04 01:52:03,419 - INFO - Generating RDF statistics...
2025-07-04 01:52:03,567 - INFO - RDF graph created with 31079 triples
2025-07-04 01:52:04,139 - INFO - Exported Turtle to output\supply_chain_ontology_20250704_015202.ttl
2025-07-04 01:52:04,811 - INFO - Exported N3 to output\supply_chain_ontology_20250704_015202.n3
2025-07-04 01:52:05,064 - INFO - Exported RDF/XML to output\supply_chain_ontology_20250704_015202.rdf
2025-07-04 01:52:05,593 - INFO - Exported JSON-LD to output\supply_chain_ontology_20250704_015202.jsonld
2025-07-04 01:52:05,712 - INFO - Exported N-Triples to output\supply_chain_ontology_20250704_015202.nt
2025-07-04 01:52:05,713 - INFO - RDF statistics exported to output\rdf_statistics_20250704_015202.json
2025-07-04 01:52:05,715 - INFO - RDF report generated at output\rdf_report_20250704_015202.txt
2025-07-04 01:52:05,715 - INFO - RDF processing pipeline completed successfully
2025-07-04 01:54:02,471 - INFO - Starting RDF ontology processing...
2025-07-04 01:54:02,471 - INFO - Running complete RDF processing pipeline...
2025-07-04 01:54:02,471 - INFO - Creating complete RDF graph from supply chain analysis...
2025-07-04 01:54:02,471 - INFO - Starting comprehensive supply chain analysis with optimizations...
2025-07-04 01:54:02,471 - INFO - Loading data with vectorized operations...
2025-07-04 01:54:02,471 - INFO - Loading CSV files into DataFrames...
2025-07-04 01:54:02,489 - INFO - DataFrames loaded successfully
2025-07-04 01:54:02,489 - INFO - Creating entities from DataFrames...
2025-07-04 01:54:02,575 - INFO - Created 30 suppliers, 20 manufacturers, 40 warehouses, 50 retailers, 250 products, 1500 orders, 1200 shipments
2025-07-04 01:54:02,576 - INFO - Building relationship mappings...
2025-07-04 01:54:02,577 - INFO - Relationship mappings built successfully
2025-07-04 01:54:02,577 - INFO - Computing inverse properties...
2025-07-04 01:54:02,587 - INFO - Inverse properties computed: {'supplier_manufacturer_links': 0, 'product_manufacturer_links': 0, 'product_warehouse_links': 0, 'order_product_links': 0, 'order_shipment_links': 1200, 'warehouse_retailer_links': 838, 'manufacturer_retailer_links': 364}
2025-07-04 01:54:02,588 - INFO - Calculating derived properties...
2025-07-04 01:54:02,590 - INFO - Derived properties calculated successfully
2025-07-04 01:54:02,590 - INFO - Validating cardinality constraints...
2025-07-04 01:54:02,591 - INFO - All cardinality constraints satisfied
2025-07-04 01:54:02,591 - INFO - Data loading and processing completed successfully
2025-07-04 01:54:02,591 - INFO - Applying reasoning rules with optimizations...
2025-07-04 01:54:02,592 - INFO - All reasoning rules applied successfully
2025-07-04 01:54:02,593 - INFO - Generating comprehensive statistics...
2025-07-04 01:54:02,596 - INFO - Comprehensive supply chain analysis completed successfully
2025-07-04 01:54:02,596 - INFO - Adding ontology metadata...
2025-07-04 01:54:02,597 - INFO - Converting suppliers to RDF...
2025-07-04 01:54:02,600 - INFO - Converting manufacturers to RDF...
2025-07-04 01:54:02,601 - INFO - Converting warehouses to RDF...
2025-07-04 01:54:02,604 - INFO - Converting retailers to RDF...
2025-07-04 01:54:02,608 - INFO - Converting products to RDF...
2025-07-04 01:54:02,636 - INFO - Converting orders to RDF...
2025-07-04 01:54:02,794 - INFO - Converting shipments to RDF...
2025-07-04 01:54:02,915 - INFO - Adding object properties...
2025-07-04 01:54:02,939 - INFO - Adding inverse properties...
2025-07-04 01:54:02,956 - INFO - Adding classification results...
2025-07-04 01:54:02,956 - INFO - Adding derived properties...
2025-07-04 01:54:02,956 - INFO - Validating RDF graph...
2025-07-04 01:54:03,109 - INFO - RDF validation completed - Triples: 31079, Subjects: 3112, URI consistency: True
2025-07-04 01:54:03,109 - INFO - Generating RDF statistics...
2025-07-04 01:54:03,251 - INFO - RDF graph created with 31079 triples
2025-07-04 01:54:03,822 - INFO - Exported Turtle to output\supply_chain_ontology_20250704_015402.ttl
2025-07-04 01:54:04,490 - INFO - Exported N3 to output\supply_chain_ontology_20250704_015402.n3
2025-07-04 01:54:04,747 - INFO - Exported RDF/XML to output\supply_chain_ontology_20250704_015402.rdf
2025-07-04 01:54:05,274 - INFO - Exported JSON-LD to output\supply_chain_ontology_20250704_015402.jsonld
2025-07-04 01:54:05,377 - INFO - Exported N-Triples to output\supply_chain_ontology_20250704_015402.nt
2025-07-04 01:54:05,380 - INFO - RDF statistics exported to output\rdf_statistics_20250704_015402.json
2025-07-04 01:54:05,380 - INFO - RDF report generated at output\rdf_report.txt
2025-07-04 01:54:05,380 - INFO - RDF processing pipeline completed successfully
